# JRE version: Java(TM) SE Runtime Environment (8.0_60-b27) (build 1.8.0_60-b27)
# Java VM: Java HotSpot(TM) 64-Bit Server VM (25.60-b23 mixed mode windows-amd64 compressed oops)
Heap:
 PSYoungGen      total 1013760K, used 158456K [0x000000076b380000, 0x00000007abb00000, 0x00000007c0000000)
  eden space 998912K, 15% used [0x000000076b380000,0x0000000774e3e030,0x00000007a8300000)
  from space 14848K, 0% used [0x00000007aac80000,0x00000007aac80000,0x00000007abb00000)
  to   space 27136K, 0% used [0x00000007a8600000,0x00000007a8600000,0x00000007aa080000)
 ParOldGen       total 338944K, used 69870K [0x00000006c1a00000, 0x00000006d6500000, 0x000000076b380000)
  object space 338944K, 20% used [0x00000006c1a00000,0x00000006c5e3bbf0,0x00000006d6500000)
 Metaspace       used 68019K, capacity 100677K, committed 100928K, reserved 1120256K
  class space    used 18749K, capacity 29729K, committed 29760K, reserved 1048576K
GC Heap History (10 events):
Event: 14.700 GC heap before
{Heap before GC invocations=18 (full 2):
 PSYoungGen      total 757760K, used 376137K [0x000000076b380000, 0x00000007a7200000, 0x00000007c0000000)
  eden space 726016K, 50% used [0x000000076b380000,0x00000007816d8ee0,0x0000000797880000)
  from space 31744K, 38% used [0x0000000797880000,0x0000000798479770,0x0000000799780000)
  to   space 29696K, 0% used [0x00000007a5500000,0x00000007a5500000,0x00000007a7200000)
 ParOldGen       total 166912K, used 84756K [0x00000006c1a00000, 0x00000006cbd00000, 0x000000076b380000)
  object space 166912K, 50% used [0x00000006c1a00000,0x00000006c6cc53a0,0x00000006cbd00000)
 Metaspace       used 44078K, capacity 59007K, committed 59096K, reserved 1091584K
  class space    used 11018K, capacity 16383K, committed 16384K, reserved 1048576K
Event: 14.707 GC heap after
Heap after GC invocations=18 (full 2):
 PSYoungGen      total 903680K, used 6545K [0x000000076b380000, 0x00000007a5b80000, 0x00000007c0000000)
  eden space 897024K, 0% used [0x000000076b380000,0x000000076b380000,0x00000007a1f80000)
  from space 6656K, 98% used [0x00000007a5500000,0x00000007a5b64550,0x00000007a5b80000)
  to   space 29184K, 0% used [0x00000007a2280000,0x00000007a2280000,0x00000007a3f00000)
 ParOldGen       total 166912K, used 84764K [0x00000006c1a00000, 0x00000006cbd00000, 0x000000076b380000)
  object space 166912K, 50% used [0x00000006c1a00000,0x00000006c6cc73a0,0x00000006cbd00000)
 Metaspace       used 44078K, capacity 59007K, committed 59096K, reserved 1091584K
  class space    used 11018K, capacity 16383K, committed 16384K, reserved 1048576K
}
Event: 14.707 GC heap before
{Heap before GC invocations=19 (full 3):
 PSYoungGen      total 903680K, used 6545K [0x000000076b380000, 0x00000007a5b80000, 0x00000007c0000000)
  eden space 897024K, 0% used [0x000000076b380000,0x000000076b380000,0x00000007a1f80000)
  from space 6656K, 98% used [0x00000007a5500000,0x00000007a5b64550,0x00000007a5b80000)
  to   space 29184K, 0% used [0x00000007a2280000,0x00000007a2280000,0x00000007a3f00000)
 ParOldGen       total 166912K, used 84764K [0x00000006c1a00000, 0x00000006cbd00000, 0x000000076b380000)
  object space 166912K, 50% used [0x00000006c1a00000,0x00000006c6cc73a0,0x00000006cbd00000)
 Metaspace       used 44078K, capacity 59007K, committed 59096K, reserved 1091584K
  class space    used 11018K, capacity 16383K, committed 16384K, reserved 1048576K
Event: 15.045 GC heap after
Heap after GC invocations=19 (full 3):
 PSYoungGen      total 903680K, used 0K [0x000000076b380000, 0x00000007a5b80000, 0x00000007c0000000)
  eden space 897024K, 0% used [0x000000076b380000,0x000000076b380000,0x00000007a1f80000)
  from space 6656K, 0% used [0x00000007a5500000,0x00000007a5500000,0x00000007a5b80000)
  to   space 29184K, 0% used [0x00000007a2280000,0x00000007a2280000,0x00000007a3f00000)
 ParOldGen       total 251392K, used 55936K [0x00000006c1a00000, 0x00000006d0f80000, 0x000000076b380000)
  object space 251392K, 22% used [0x00000006c1a00000,0x00000006c50a0388,0x00000006d0f80000)
 Metaspace       used 44078K, capacity 59007K, committed 59096K, reserved 1091584K
  class space    used 11018K, capacity 16383K, committed 16384K, reserved 1048576K
}
Event: 20.170 GC heap before
{Heap before GC invocations=20 (full 3):
 PSYoungGen      total 903680K, used 897024K [0x000000076b380000, 0x00000007a5b80000, 0x00000007c0000000)
  eden space 897024K, 100% used [0x000000076b380000,0x00000007a1f80000,0x00000007a1f80000)
  from space 6656K, 0% used [0x00000007a5500000,0x00000007a5500000,0x00000007a5b80000)
  to   space 29184K, 0% used [0x00000007a2280000,0x00000007a2280000,0x00000007a3f00000)
 ParOldGen       total 251392K, used 55936K [0x00000006c1a00000, 0x00000006d0f80000, 0x000000076b380000)
  object space 251392K, 22% used [0x00000006c1a00000,0x00000006c50a0388,0x00000006d0f80000)
 Metaspace       used 56601K, capacity 80869K, committed 81152K, reserved 1105920K
  class space    used 15304K, capacity 23688K, committed 23808K, reserved 1048576K
Event: 20.182 GC heap after
Heap after GC invocations=20 (full 3):
 PSYoungGen      total 929280K, used 11665K [0x000000076b380000, 0x00000007ac780000, 0x00000007c0000000)
  eden space 900096K, 0% used [0x000000076b380000,0x000000076b380000,0x00000007a2280000)
  from space 29184K, 39% used [0x00000007a2280000,0x00000007a2de47b0,0x00000007a3f00000)
  to   space 27648K, 0% used [0x00000007aac80000,0x00000007aac80000,0x00000007ac780000)
 ParOldGen       total 251392K, used 55944K [0x00000006c1a00000, 0x00000006d0f80000, 0x000000076b380000)
  object space 251392K, 22% used [0x00000006c1a00000,0x00000006c50a2388,0x00000006d0f80000)
 Metaspace       used 56601K, capacity 80869K, committed 81152K, reserved 1105920K
  class space    used 15304K, capacity 23688K, committed 23808K, reserved 1048576K
}
Event: 24.997 GC heap before
{Heap before GC invocations=21 (full 3):
 PSYoungGen      total 929280K, used 908314K [0x000000076b380000, 0x00000007ac780000, 0x00000007c0000000)
  eden space 900096K, 99% used [0x000000076b380000,0x00000007a1f22330,0x00000007a2280000)
  from space 29184K, 39% used [0x00000007a2280000,0x00000007a2de47b0,0x00000007a3f00000)
  to   space 27648K, 0% used [0x00000007aac80000,0x00000007aac80000,0x00000007ac780000)
 ParOldGen       total 251392K, used 55944K [0x00000006c1a00000, 0x00000006d0f80000, 0x000000076b380000)
  object space 251392K, 22% used [0x00000006c1a00000,0x00000006c50a2388,0x00000006d0f80000)
 Metaspace       used 66773K, capacity 98415K, committed 98496K, reserved 1118208K
  class space    used 18392K, capacity 29109K, committed 29120K, reserved 1048576K
Event: 25.009 GC heap after
Heap after GC invocations=21 (full 3):
 PSYoungGen      total 1013760K, used 14733K [0x000000076b380000, 0x00000007abb00000, 0x00000007c0000000)
  eden space 998912K, 0% used [0x000000076b380000,0x000000076b380000,0x00000007a8300000)
  from space 14848K, 99% used [0x00000007aac80000,0x00000007abae34b0,0x00000007abb00000)
  to   space 27136K, 0% used [0x00000007a8600000,0x00000007a8600000,0x00000007aa080000)
 ParOldGen       total 251392K, used 55952K [0x00000006c1a00000, 0x00000006d0f80000, 0x000000076b380000)
  object space 251392K, 22% used [0x00000006c1a00000,0x00000006c50a4388,0x00000006d0f80000)
 Metaspace       used 66773K, capacity 98415K, committed 98496K, reserved 1118208K
  class space    used 18392K, capacity 29109K, committed 29120K, reserved 1048576K
}
Event: 25.009 GC heap before
{Heap before GC invocations=22 (full 4):
 PSYoungGen      total 1013760K, used 14733K [0x000000076b380000, 0x00000007abb00000, 0x00000007c0000000)
  eden space 998912K, 0% used [0x000000076b380000,0x000000076b380000,0x00000007a8300000)
  from space 14848K, 99% used [0x00000007aac80000,0x00000007abae34b0,0x00000007abb00000)
  to   space 27136K, 0% used [0x00000007a8600000,0x00000007a8600000,0x00000007aa080000)
 ParOldGen       total 251392K, used 55952K [0x00000006c1a00000, 0x00000006d0f80000, 0x000000076b380000)
  object space 251392K, 22% used [0x00000006c1a00000,0x00000006c50a4388,0x00000006d0f80000)
 Metaspace       used 66773K, capacity 98415K, committed 98496K, reserved 1118208K
  class space    used 18392K, capacity 29109K, committed 29120K, reserved 1048576K
Event: 25.290 GC heap after
Heap after GC invocations=22 (full 4):
 PSYoungGen      total 1013760K, used 0K [0x000000076b380000, 0x00000007abb00000, 0x00000007c0000000)
  eden space 998912K, 0% used [0x000000076b380000,0x000000076b380000,0x00000007a8300000)
  from space 14848K, 0% used [0x00000007aac80000,0x00000007aac80000,0x00000007abb00000)
  to   space 27136K, 0% used [0x00000007a8600000,0x00000007a8600000,0x00000007aa080000)
 ParOldGen       total 338944K, used 69870K [0x00000006c1a00000, 0x00000006d6500000, 0x000000076b380000)
  object space 338944K, 20% used [0x00000006c1a00000,0x00000006c5e3bbf0,0x00000006d6500000)
 Metaspace       used 66773K, capacity 98415K, committed 98496K, reserved 1118208K
  class space    used 18392K, capacity 29109K, committed 29120K, reserved 1048576K
}

