# JRE version: Java(TM) SE Runtime Environment (8.0_60-b27) (build 1.8.0_60-b27)
# Java VM: Java HotSpot(TM) 64-Bit Server VM (25.60-b23 mixed mode windows-amd64 compressed oops)
Heap:
 PSYoungGen      total 1107968K, used 63182K [0x000000076b380000, 0x00000007bfb00000, 0x00000007c0000000)
  eden space 1076224K, 5% used [0x000000076b380000,0x000000076f133a50,0x00000007ace80000)
  from space 31744K, 0% used [0x00000007aec00000,0x00000007aec00000,0x00000007b0b00000)
  to   space 30208K, 0% used [0x00000007ace80000,0x00000007ace80000,0x00000007aec00000)
 ParOldGen       total 329216K, used 69673K [0x00000006c1a00000, 0x00000006d5b80000, 0x000000076b380000)
  object space 329216K, 21% used [0x00000006c1a00000,0x00000006c5e0a6f0,0x00000006d5b80000)
 Metaspace       used 67105K, capacity 99119K, committed 99240K, reserved 1118208K
  class space    used 18629K, capacity 29572K, committed 29616K, reserved 1048576K
GC Heap History (10 events):
Event: 11.193 GC heap before
{Heap before GC invocations=16 (full 3):
 PSYoungGen      total 851968K, used 9803K [0x000000076b380000, 0x00000007a9e00000, 0x00000007c0000000)
  eden space 816128K, 0% used [0x000000076b380000,0x000000076b380000,0x000000079d080000)
  from space 35840K, 27% used [0x000000079d080000,0x000000079da12f80,0x000000079f380000)
  to   space 34816K, 0% used [0x00000007a7c00000,0x00000007a7c00000,0x00000007a9e00000)
 ParOldGen       total 194048K, used 83743K [0x00000006c1a00000, 0x00000006cd780000, 0x000000076b380000)
  object space 194048K, 43% used [0x00000006c1a00000,0x00000006c6bc7f10,0x00000006cd780000)
 Metaspace       used 44120K, capacity 59115K, committed 59160K, reserved 1091584K
  class space    used 11137K, capacity 16559K, committed 16560K, reserved 1048576K
Event: 11.425 GC heap after
Heap after GC invocations=16 (full 3):
 PSYoungGen      total 851968K, used 0K [0x000000076b380000, 0x00000007a9e00000, 0x00000007c0000000)
  eden space 816128K, 0% used [0x000000076b380000,0x000000076b380000,0x000000079d080000)
  from space 35840K, 0% used [0x000000079d080000,0x000000079d080000,0x000000079f380000)
  to   space 34816K, 0% used [0x00000007a7c00000,0x00000007a7c00000,0x00000007a9e00000)
 ParOldGen       total 292352K, used 61459K [0x00000006c1a00000, 0x00000006d3780000, 0x000000076b380000)
  object space 292352K, 21% used [0x00000006c1a00000,0x00000006c5604f58,0x00000006d3780000)
 Metaspace       used 44120K, capacity 59115K, committed 59160K, reserved 1091584K
  class space    used 11137K, capacity 16559K, committed 16560K, reserved 1048576K
}
Event: 14.931 GC heap before
{Heap before GC invocations=17 (full 3):
 PSYoungGen      total 851968K, used 816128K [0x000000076b380000, 0x00000007a9e00000, 0x00000007c0000000)
  eden space 816128K, 100% used [0x000000076b380000,0x000000079d080000,0x000000079d080000)
  from space 35840K, 0% used [0x000000079d080000,0x000000079d080000,0x000000079f380000)
  to   space 34816K, 0% used [0x00000007a7c00000,0x00000007a7c00000,0x00000007a9e00000)
 ParOldGen       total 292352K, used 61459K [0x00000006c1a00000, 0x00000006d3780000, 0x000000076b380000)
  object space 292352K, 21% used [0x00000006c1a00000,0x00000006c5604f58,0x00000006d3780000)
 Metaspace       used 56195K, capacity 80365K, committed 80552K, reserved 1105920K
  class space    used 15302K, capacity 23688K, committed 23728K, reserved 1048576K
Event: 14.940 GC heap after
Heap after GC invocations=17 (full 3):
 PSYoungGen      total 970240K, used 9021K [0x000000076b380000, 0x00000007a9280000, 0x00000007c0000000)
  eden space 947200K, 0% used [0x000000076b380000,0x000000076b380000,0x00000007a5080000)
  from space 23040K, 39% used [0x00000007a7c00000,0x00000007a84cf6d8,0x00000007a9280000)
  to   space 33792K, 0% used [0x00000007a5080000,0x00000007a5080000,0x00000007a7180000)
 ParOldGen       total 292352K, used 61467K [0x00000006c1a00000, 0x00000006d3780000, 0x000000076b380000)
  object space 292352K, 21% used [0x00000006c1a00000,0x00000006c5606f58,0x00000006d3780000)
 Metaspace       used 56195K, capacity 80365K, committed 80552K, reserved 1105920K
  class space    used 15302K, capacity 23688K, committed 23728K, reserved 1048576K
}
Event: 18.206 GC heap before
{Heap before GC invocations=18 (full 3):
 PSYoungGen      total 970240K, used 956221K [0x000000076b380000, 0x00000007a9280000, 0x00000007c0000000)
  eden space 947200K, 100% used [0x000000076b380000,0x00000007a5080000,0x00000007a5080000)
  from space 23040K, 39% used [0x00000007a7c00000,0x00000007a84cf6d8,0x00000007a9280000)
  to   space 33792K, 0% used [0x00000007a5080000,0x00000007a5080000,0x00000007a7180000)
 ParOldGen       total 292352K, used 61467K [0x00000006c1a00000, 0x00000006d3780000, 0x000000076b380000)
  object space 292352K, 21% used [0x00000006c1a00000,0x00000006c5606f58,0x00000006d3780000)
 Metaspace       used 66663K, capacity 98479K, committed 98600K, reserved 1118208K
  class space    used 18520K, capacity 29353K, committed 29360K, reserved 1048576K
Event: 18.218 GC heap after
Heap after GC invocations=18 (full 3):
 PSYoungGen      total 980992K, used 14285K [0x000000076b380000, 0x00000007b0b00000, 0x00000007c0000000)
  eden space 947200K, 0% used [0x000000076b380000,0x000000076b380000,0x00000007a5080000)
  from space 33792K, 42% used [0x00000007a5080000,0x00000007a5e734b0,0x00000007a7180000)
  to   space 31744K, 0% used [0x00000007aec00000,0x00000007aec00000,0x00000007b0b00000)
 ParOldGen       total 292352K, used 61483K [0x00000006c1a00000, 0x00000006d3780000, 0x000000076b380000)
  object space 292352K, 21% used [0x00000006c1a00000,0x00000006c560af58,0x00000006d3780000)
 Metaspace       used 66663K, capacity 98479K, committed 98600K, reserved 1118208K
  class space    used 18520K, capacity 29353K, committed 29360K, reserved 1048576K
}
Event: 18.224 GC heap before
{Heap before GC invocations=19 (full 3):
 PSYoungGen      total 980992K, used 28836K [0x000000076b380000, 0x00000007b0b00000, 0x00000007c0000000)
  eden space 947200K, 1% used [0x000000076b380000,0x000000076c1b5bf0,0x00000007a5080000)
  from space 33792K, 42% used [0x00000007a5080000,0x00000007a5e734b0,0x00000007a7180000)
  to   space 31744K, 0% used [0x00000007aec00000,0x00000007aec00000,0x00000007b0b00000)
 ParOldGen       total 292352K, used 61483K [0x00000006c1a00000, 0x00000006d3780000, 0x000000076b380000)
  object space 292352K, 21% used [0x00000006c1a00000,0x00000006c560af58,0x00000006d3780000)
 Metaspace       used 66698K, capacity 98557K, committed 98600K, reserved 1118208K
  class space    used 18526K, capacity 29359K, committed 29360K, reserved 1048576K
Event: 18.234 GC heap after
Heap after GC invocations=19 (full 3):
 PSYoungGen      total 1107968K, used 13968K [0x000000076b380000, 0x00000007bfb00000, 0x00000007c0000000)
  eden space 1076224K, 0% used [0x000000076b380000,0x000000076b380000,0x00000007ace80000)
  from space 31744K, 44% used [0x00000007aec00000,0x00000007af9a4020,0x00000007b0b00000)
  to   space 30208K, 0% used [0x00000007ace80000,0x00000007ace80000,0x00000007aec00000)
 ParOldGen       total 292352K, used 61491K [0x00000006c1a00000, 0x00000006d3780000, 0x000000076b380000)
  object space 292352K, 21% used [0x00000006c1a00000,0x00000006c560cf58,0x00000006d3780000)
 Metaspace       used 66698K, capacity 98557K, committed 98600K, reserved 1118208K
  class space    used 18526K, capacity 29359K, committed 29360K, reserved 1048576K
}
Event: 18.234 GC heap before
{Heap before GC invocations=20 (full 4):
 PSYoungGen      total 1107968K, used 13968K [0x000000076b380000, 0x00000007bfb00000, 0x00000007c0000000)
  eden space 1076224K, 0% used [0x000000076b380000,0x000000076b380000,0x00000007ace80000)
  from space 31744K, 44% used [0x00000007aec00000,0x00000007af9a4020,0x00000007b0b00000)
  to   space 30208K, 0% used [0x00000007ace80000,0x00000007ace80000,0x00000007aec00000)
 ParOldGen       total 292352K, used 61491K [0x00000006c1a00000, 0x00000006d3780000, 0x000000076b380000)
  object space 292352K, 21% used [0x00000006c1a00000,0x00000006c560cf58,0x00000006d3780000)
 Metaspace       used 66698K, capacity 98557K, committed 98600K, reserved 1118208K
  class space    used 18526K, capacity 29359K, committed 29360K, reserved 1048576K
Event: 18.330 GC heap after
Heap after GC invocations=20 (full 4):
 PSYoungGen      total 1107968K, used 0K [0x000000076b380000, 0x00000007bfb00000, 0x00000007c0000000)
  eden space 1076224K, 0% used [0x000000076b380000,0x000000076b380000,0x00000007ace80000)
  from space 31744K, 0% used [0x00000007aec00000,0x00000007aec00000,0x00000007b0b00000)
  to   space 30208K, 0% used [0x00000007ace80000,0x00000007ace80000,0x00000007aec00000)
 ParOldGen       total 329216K, used 69673K [0x00000006c1a00000, 0x00000006d5b80000, 0x000000076b380000)
  object space 329216K, 21% used [0x00000006c1a00000,0x00000006c5e0a6f0,0x00000006d5b80000)
 Metaspace       used 66698K, capacity 98557K, committed 98600K, reserved 1118208K
  class space    used 18526K, capacity 29359K, committed 29360K, reserved 1048576K
}

