# JRE version: Java(TM) SE Runtime Environment (8.0_60-b27) (build 1.8.0_60-b27)
# Java VM: Java HotSpot(TM) 64-Bit Server VM (25.60-b23 mixed mode windows-amd64 compressed oops)
Heap:
 PSYoungGen      total 1104896K, used 69214K [0x000000076b380000, 0x00000007ba200000, 0x00000007c0000000)
  eden space 1074176K, 6% used [0x000000076b380000,0x000000076f717b20,0x00000007acc80000)
  from space 30720K, 0% used [0x00000007ae900000,0x00000007ae900000,0x00000007b0700000)
  to   space 29184K, 0% used [0x00000007acc80000,0x00000007acc80000,0x00000007ae900000)
 ParOldGen       total 356864K, used 69669K [0x00000006c1a00000, 0x00000006d7680000, 0x000000076b380000)
  object space 356864K, 19% used [0x00000006c1a00000,0x00000006c5e09748,0x00000006d7680000)
 Metaspace       used 67148K, capacity 99397K, committed 99504K, reserved 1120256K
  class space    used 18630K, capacity 29573K, committed 29616K, reserved 1048576K
GC Heap History (10 events):
Event: 11.295 GC heap before
{Heap before GC invocations=16 (full 3):
 PSYoungGen      total 846848K, used 11992K [0x000000076b380000, 0x00000007a9600000, 0x00000007c0000000)
  eden space 812032K, 0% used [0x000000076b380000,0x000000076b380000,0x000000079cc80000)
  from space 34816K, 34% used [0x000000079cc80000,0x000000079d836128,0x000000079ee80000)
  to   space 33280K, 0% used [0x00000007a7580000,0x00000007a7580000,0x00000007a9600000)
 ParOldGen       total 194048K, used 81696K [0x00000006c1a00000, 0x00000006cd780000, 0x000000076b380000)
  object space 194048K, 42% used [0x00000006c1a00000,0x00000006c69c8038,0x00000006cd780000)
 Metaspace       used 44103K, capacity 59151K, committed 59160K, reserved 1091584K
  class space    used 11131K, capacity 16551K, committed 16560K, reserved 1048576K
Event: 11.516 GC heap after
Heap after GC invocations=16 (full 3):
 PSYoungGen      total 846848K, used 0K [0x000000076b380000, 0x00000007a9600000, 0x00000007c0000000)
  eden space 812032K, 0% used [0x000000076b380000,0x000000076b380000,0x000000079cc80000)
  from space 34816K, 0% used [0x000000079cc80000,0x000000079cc80000,0x000000079ee80000)
  to   space 33280K, 0% used [0x00000007a7580000,0x00000007a7580000,0x00000007a9600000)
 ParOldGen       total 294912K, used 63449K [0x00000006c1a00000, 0x00000006d3a00000, 0x000000076b380000)
  object space 294912K, 21% used [0x00000006c1a00000,0x00000006c57f64f8,0x00000006d3a00000)
 Metaspace       used 44103K, capacity 59151K, committed 59160K, reserved 1091584K
  class space    used 11131K, capacity 16551K, committed 16560K, reserved 1048576K
}
Event: 15.047 GC heap before
{Heap before GC invocations=17 (full 3):
 PSYoungGen      total 846848K, used 812032K [0x000000076b380000, 0x00000007a9600000, 0x00000007c0000000)
  eden space 812032K, 100% used [0x000000076b380000,0x000000079cc80000,0x000000079cc80000)
  from space 34816K, 0% used [0x000000079cc80000,0x000000079cc80000,0x000000079ee80000)
  to   space 33280K, 0% used [0x00000007a7580000,0x00000007a7580000,0x00000007a9600000)
 ParOldGen       total 294912K, used 63449K [0x00000006c1a00000, 0x00000006d3a00000, 0x000000076b380000)
  object space 294912K, 21% used [0x00000006c1a00000,0x00000006c57f64f8,0x00000006d3a00000)
 Metaspace       used 56191K, capacity 80429K, committed 80560K, reserved 1105920K
  class space    used 15303K, capacity 23688K, committed 23728K, reserved 1048576K
Event: 15.055 GC heap after
Heap after GC invocations=17 (full 3):
 PSYoungGen      total 967680K, used 9002K [0x000000076b380000, 0x00000007a8c80000, 0x00000007c0000000)
  eden space 944128K, 0% used [0x000000076b380000,0x000000076b380000,0x00000007a4d80000)
  from space 23552K, 38% used [0x00000007a7580000,0x00000007a7e4a9d0,0x00000007a8c80000)
  to   space 32256K, 0% used [0x00000007a4d80000,0x00000007a4d80000,0x00000007a6d00000)
 ParOldGen       total 294912K, used 63465K [0x00000006c1a00000, 0x00000006d3a00000, 0x000000076b380000)
  object space 294912K, 21% used [0x00000006c1a00000,0x00000006c57fa4f8,0x00000006d3a00000)
 Metaspace       used 56191K, capacity 80429K, committed 80560K, reserved 1105920K
  class space    used 15303K, capacity 23688K, committed 23728K, reserved 1048576K
}
Event: 18.225 GC heap before
{Heap before GC invocations=18 (full 3):
 PSYoungGen      total 967680K, used 953130K [0x000000076b380000, 0x00000007a8c80000, 0x00000007c0000000)
  eden space 944128K, 100% used [0x000000076b380000,0x00000007a4d80000,0x00000007a4d80000)
  from space 23552K, 38% used [0x00000007a7580000,0x00000007a7e4a9d0,0x00000007a8c80000)
  to   space 32256K, 0% used [0x00000007a4d80000,0x00000007a4d80000,0x00000007a6d00000)
 ParOldGen       total 294912K, used 63465K [0x00000006c1a00000, 0x00000006d3a00000, 0x000000076b380000)
  object space 294912K, 21% used [0x00000006c1a00000,0x00000006c57fa4f8,0x00000006d3a00000)
 Metaspace       used 66549K, capacity 98313K, committed 98480K, reserved 1118208K
  class space    used 18491K, capacity 29259K, committed 29360K, reserved 1048576K
Event: 18.236 GC heap after
Heap after GC invocations=18 (full 3):
 PSYoungGen      total 976384K, used 14269K [0x000000076b380000, 0x00000007b0700000, 0x00000007c0000000)
  eden space 944128K, 0% used [0x000000076b380000,0x000000076b380000,0x00000007a4d80000)
  from space 32256K, 44% used [0x00000007a4d80000,0x00000007a5b6f4c0,0x00000007a6d00000)
  to   space 30720K, 0% used [0x00000007ae900000,0x00000007ae900000,0x00000007b0700000)
 ParOldGen       total 294912K, used 63473K [0x00000006c1a00000, 0x00000006d3a00000, 0x000000076b380000)
  object space 294912K, 21% used [0x00000006c1a00000,0x00000006c57fc4f8,0x00000006d3a00000)
 Metaspace       used 66549K, capacity 98313K, committed 98480K, reserved 1118208K
  class space    used 18491K, capacity 29259K, committed 29360K, reserved 1048576K
}
Event: 18.276 GC heap before
{Heap before GC invocations=19 (full 3):
 PSYoungGen      total 976384K, used 28579K [0x000000076b380000, 0x00000007b0700000, 0x00000007c0000000)
  eden space 944128K, 1% used [0x000000076b380000,0x000000076c1799a8,0x00000007a4d80000)
  from space 32256K, 44% used [0x00000007a4d80000,0x00000007a5b6f4c0,0x00000007a6d00000)
  to   space 30720K, 0% used [0x00000007ae900000,0x00000007ae900000,0x00000007b0700000)
 ParOldGen       total 294912K, used 63473K [0x00000006c1a00000, 0x00000006d3a00000, 0x000000076b380000)
  object space 294912K, 21% used [0x00000006c1a00000,0x00000006c57fc4f8,0x00000006d3a00000)
 Metaspace       used 66674K, capacity 98555K, committed 98600K, reserved 1118208K
  class space    used 18524K, capacity 29357K, committed 29360K, reserved 1048576K
Event: 18.286 GC heap after
Heap after GC invocations=19 (full 3):
 PSYoungGen      total 1104896K, used 13968K [0x000000076b380000, 0x00000007ba200000, 0x00000007c0000000)
  eden space 1074176K, 0% used [0x000000076b380000,0x000000076b380000,0x00000007acc80000)
  from space 30720K, 45% used [0x00000007ae900000,0x00000007af6a4020,0x00000007b0700000)
  to   space 29184K, 0% used [0x00000007acc80000,0x00000007acc80000,0x00000007ae900000)
 ParOldGen       total 294912K, used 63481K [0x00000006c1a00000, 0x00000006d3a00000, 0x000000076b380000)
  object space 294912K, 21% used [0x00000006c1a00000,0x00000006c57fe4f8,0x00000006d3a00000)
 Metaspace       used 66674K, capacity 98555K, committed 98600K, reserved 1118208K
  class space    used 18524K, capacity 29357K, committed 29360K, reserved 1048576K
}
Event: 18.286 GC heap before
{Heap before GC invocations=20 (full 4):
 PSYoungGen      total 1104896K, used 13968K [0x000000076b380000, 0x00000007ba200000, 0x00000007c0000000)
  eden space 1074176K, 0% used [0x000000076b380000,0x000000076b380000,0x00000007acc80000)
  from space 30720K, 45% used [0x00000007ae900000,0x00000007af6a4020,0x00000007b0700000)
  to   space 29184K, 0% used [0x00000007acc80000,0x00000007acc80000,0x00000007ae900000)
 ParOldGen       total 294912K, used 63481K [0x00000006c1a00000, 0x00000006d3a00000, 0x000000076b380000)
  object space 294912K, 21% used [0x00000006c1a00000,0x00000006c57fe4f8,0x00000006d3a00000)
 Metaspace       used 66674K, capacity 98555K, committed 98600K, reserved 1118208K
  class space    used 18524K, capacity 29357K, committed 29360K, reserved 1048576K
Event: 18.387 GC heap after
Heap after GC invocations=20 (full 4):
 PSYoungGen      total 1104896K, used 0K [0x000000076b380000, 0x00000007ba200000, 0x00000007c0000000)
  eden space 1074176K, 0% used [0x000000076b380000,0x000000076b380000,0x00000007acc80000)
  from space 30720K, 0% used [0x00000007ae900000,0x00000007ae900000,0x00000007b0700000)
  to   space 29184K, 0% used [0x00000007acc80000,0x00000007acc80000,0x00000007ae900000)
 ParOldGen       total 356864K, used 69669K [0x00000006c1a00000, 0x00000006d7680000, 0x000000076b380000)
  object space 356864K, 19% used [0x00000006c1a00000,0x00000006c5e09748,0x00000006d7680000)
 Metaspace       used 66674K, capacity 98555K, committed 98600K, reserved 1118208K
  class space    used 18524K, capacity 29357K, committed 29360K, reserved 1048576K
}

