# JRE version: Java(TM) SE Runtime Environment (8.0_60-b27) (build 1.8.0_60-b27)
# Java VM: Java HotSpot(TM) 64-Bit Server VM (25.60-b23 mixed mode windows-amd64 compressed oops)
Heap:
 PSYoungGen      total 1094656K, used 66173K [0x000000076b380000, 0x00000007b6a80000, 0x00000007c0000000)
  eden space 1063424K, 6% used [0x000000076b380000,0x000000076f41f480,0x00000007ac200000)
  from space 31232K, 0% used [0x00000007ade80000,0x00000007ade80000,0x00000007afd00000)
  to   space 29184K, 0% used [0x00000007ac200000,0x00000007ac200000,0x00000007ade80000)
 ParOldGen       total 368640K, used 69686K [0x00000006c1a00000, 0x00000006d8200000, 0x000000076b380000)
  object space 368640K, 18% used [0x00000006c1a00000,0x00000006c5e0db58,0x00000006d8200000)
 Metaspace       used 67162K, capacity 99273K, committed 99504K, reserved 1120256K
  class space    used 18630K, capacity 29573K, committed 29616K, reserved 1048576K
GC Heap History (10 events):
Event: 11.280 GC heap before
{Heap before GC invocations=16 (full 3):
 PSYoungGen      total 846336K, used 12233K [0x000000076b380000, 0x00000007a8f80000, 0x00000007c0000000)
  eden space 811008K, 0% used [0x000000076b380000,0x000000076b380000,0x000000079cb80000)
  from space 35328K, 34% used [0x000000079cb80000,0x000000079d772528,0x000000079ee00000)
  to   space 33792K, 0% used [0x00000007a6e80000,0x00000007a6e80000,0x00000007a8f80000)
 ParOldGen       total 193024K, used 79955K [0x00000006c1a00000, 0x00000006cd680000, 0x000000076b380000)
  object space 193024K, 41% used [0x00000006c1a00000,0x00000006c6814db8,0x00000006cd680000)
 Metaspace       used 44138K, capacity 59115K, committed 59160K, reserved 1091584K
  class space    used 11137K, capacity 16559K, committed 16560K, reserved 1048576K
Event: 11.492 GC heap after
Heap after GC invocations=16 (full 3):
 PSYoungGen      total 846336K, used 0K [0x000000076b380000, 0x00000007a8f80000, 0x00000007c0000000)
  eden space 811008K, 0% used [0x000000076b380000,0x000000076b380000,0x000000079cb80000)
  from space 35328K, 0% used [0x000000079cb80000,0x000000079cb80000,0x000000079ee00000)
  to   space 33792K, 0% used [0x00000007a6e80000,0x00000007a6e80000,0x00000007a8f80000)
 ParOldGen       total 295424K, used 63510K [0x00000006c1a00000, 0x00000006d3a80000, 0x000000076b380000)
  object space 295424K, 21% used [0x00000006c1a00000,0x00000006c5805ad8,0x00000006d3a80000)
 Metaspace       used 44138K, capacity 59115K, committed 59160K, reserved 1091584K
  class space    used 11137K, capacity 16559K, committed 16560K, reserved 1048576K
}
Event: 15.026 GC heap before
{Heap before GC invocations=17 (full 3):
 PSYoungGen      total 846336K, used 811008K [0x000000076b380000, 0x00000007a8f80000, 0x00000007c0000000)
  eden space 811008K, 100% used [0x000000076b380000,0x000000079cb80000,0x000000079cb80000)
  from space 35328K, 0% used [0x000000079cb80000,0x000000079cb80000,0x000000079ee00000)
  to   space 33792K, 0% used [0x00000007a6e80000,0x00000007a6e80000,0x00000007a8f80000)
 ParOldGen       total 295424K, used 63510K [0x00000006c1a00000, 0x00000006d3a80000, 0x000000076b380000)
  object space 295424K, 21% used [0x00000006c1a00000,0x00000006c5805ad8,0x00000006d3a80000)
 Metaspace       used 56213K, capacity 80365K, committed 80560K, reserved 1105920K
  class space    used 15302K, capacity 23688K, committed 23728K, reserved 1048576K
Event: 15.035 GC heap after
Heap after GC invocations=17 (full 3):
 PSYoungGen      total 964608K, used 8941K [0x000000076b380000, 0x00000007a8800000, 0x00000007c0000000)
  eden space 938496K, 0% used [0x000000076b380000,0x000000076b380000,0x00000007a4800000)
  from space 26112K, 34% used [0x00000007a6e80000,0x00000007a773b6e8,0x00000007a8800000)
  to   space 32768K, 0% used [0x00000007a4800000,0x00000007a4800000,0x00000007a6800000)
 ParOldGen       total 295424K, used 63526K [0x00000006c1a00000, 0x00000006d3a80000, 0x000000076b380000)
  object space 295424K, 21% used [0x00000006c1a00000,0x00000006c5809ad8,0x00000006d3a80000)
 Metaspace       used 56213K, capacity 80365K, committed 80560K, reserved 1105920K
  class space    used 15302K, capacity 23688K, committed 23728K, reserved 1048576K
}
Event: 18.366 GC heap before
{Heap before GC invocations=18 (full 3):
 PSYoungGen      total 964608K, used 947437K [0x000000076b380000, 0x00000007a8800000, 0x00000007c0000000)
  eden space 938496K, 100% used [0x000000076b380000,0x00000007a4800000,0x00000007a4800000)
  from space 26112K, 34% used [0x00000007a6e80000,0x00000007a773b6e8,0x00000007a8800000)
  to   space 32768K, 0% used [0x00000007a4800000,0x00000007a4800000,0x00000007a6800000)
 ParOldGen       total 295424K, used 63526K [0x00000006c1a00000, 0x00000006d3a80000, 0x000000076b380000)
  object space 295424K, 21% used [0x00000006c1a00000,0x00000006c5809ad8,0x00000006d3a80000)
 Metaspace       used 66571K, capacity 98249K, committed 98480K, reserved 1118208K
  class space    used 18491K, capacity 29259K, committed 29360K, reserved 1048576K
Event: 18.378 GC heap after
Heap after GC invocations=18 (full 3):
 PSYoungGen      total 971264K, used 14253K [0x000000076b380000, 0x00000007afd00000, 0x00000007c0000000)
  eden space 938496K, 0% used [0x000000076b380000,0x000000076b380000,0x00000007a4800000)
  from space 32768K, 43% used [0x00000007a4800000,0x00000007a55eb4b0,0x00000007a6800000)
  to   space 31232K, 0% used [0x00000007ade80000,0x00000007ade80000,0x00000007afd00000)
 ParOldGen       total 295424K, used 63534K [0x00000006c1a00000, 0x00000006d3a80000, 0x000000076b380000)
  object space 295424K, 21% used [0x00000006c1a00000,0x00000006c580bad8,0x00000006d3a80000)
 Metaspace       used 66571K, capacity 98249K, committed 98480K, reserved 1118208K
  class space    used 18491K, capacity 29259K, committed 29360K, reserved 1048576K
}
Event: 18.445 GC heap before
{Heap before GC invocations=19 (full 3):
 PSYoungGen      total 971264K, used 42569K [0x000000076b380000, 0x00000007afd00000, 0x00000007c0000000)
  eden space 938496K, 3% used [0x000000076b380000,0x000000076cf27120,0x00000007a4800000)
  from space 32768K, 43% used [0x00000007a4800000,0x00000007a55eb4b0,0x00000007a6800000)
  to   space 31232K, 0% used [0x00000007ade80000,0x00000007ade80000,0x00000007afd00000)
 ParOldGen       total 295424K, used 63534K [0x00000006c1a00000, 0x00000006d3a80000, 0x000000076b380000)
  object space 295424K, 21% used [0x00000006c1a00000,0x00000006c580bad8,0x00000006d3a80000)
 Metaspace       used 66723K, capacity 98557K, committed 98600K, reserved 1118208K
  class space    used 18527K, capacity 29359K, committed 29360K, reserved 1048576K
Event: 18.454 GC heap after
Heap after GC invocations=19 (full 3):
 PSYoungGen      total 1094656K, used 13920K [0x000000076b380000, 0x00000007b6a80000, 0x00000007c0000000)
  eden space 1063424K, 0% used [0x000000076b380000,0x000000076b380000,0x00000007ac200000)
  from space 31232K, 44% used [0x00000007ade80000,0x00000007aec18010,0x00000007afd00000)
  to   space 29184K, 0% used [0x00000007ac200000,0x00000007ac200000,0x00000007ade80000)
 ParOldGen       total 295424K, used 63542K [0x00000006c1a00000, 0x00000006d3a80000, 0x000000076b380000)
  object space 295424K, 21% used [0x00000006c1a00000,0x00000006c580dad8,0x00000006d3a80000)
 Metaspace       used 66723K, capacity 98557K, committed 98600K, reserved 1118208K
  class space    used 18527K, capacity 29359K, committed 29360K, reserved 1048576K
}
Event: 18.454 GC heap before
{Heap before GC invocations=20 (full 4):
 PSYoungGen      total 1094656K, used 13920K [0x000000076b380000, 0x00000007b6a80000, 0x00000007c0000000)
  eden space 1063424K, 0% used [0x000000076b380000,0x000000076b380000,0x00000007ac200000)
  from space 31232K, 44% used [0x00000007ade80000,0x00000007aec18010,0x00000007afd00000)
  to   space 29184K, 0% used [0x00000007ac200000,0x00000007ac200000,0x00000007ade80000)
 ParOldGen       total 295424K, used 63542K [0x00000006c1a00000, 0x00000006d3a80000, 0x000000076b380000)
  object space 295424K, 21% used [0x00000006c1a00000,0x00000006c580dad8,0x00000006d3a80000)
 Metaspace       used 66723K, capacity 98557K, committed 98600K, reserved 1118208K
  class space    used 18527K, capacity 29359K, committed 29360K, reserved 1048576K
Event: 18.556 GC heap after
Heap after GC invocations=20 (full 4):
 PSYoungGen      total 1094656K, used 0K [0x000000076b380000, 0x00000007b6a80000, 0x00000007c0000000)
  eden space 1063424K, 0% used [0x000000076b380000,0x000000076b380000,0x00000007ac200000)
  from space 31232K, 0% used [0x00000007ade80000,0x00000007ade80000,0x00000007afd00000)
  to   space 29184K, 0% used [0x00000007ac200000,0x00000007ac200000,0x00000007ade80000)
 ParOldGen       total 368640K, used 69686K [0x00000006c1a00000, 0x00000006d8200000, 0x000000076b380000)
  object space 368640K, 18% used [0x00000006c1a00000,0x00000006c5e0db58,0x00000006d8200000)
 Metaspace       used 66723K, capacity 98557K, committed 98600K, reserved 1118208K
  class space    used 18527K, capacity 29359K, committed 29360K, reserved 1048576K
}

